Determining if the pthread_create exist failed with the following output:
Change Dir: /home/sezan/Desktop/Sezan_ws/catkin_ws/build/CMakeFiles/CMakeTmp

Run Build Command:"/usr/bin/make" "cmTC_a2f6e/fast"
/usr/bin/make -f CMakeFiles/cmTC_a2f6e.dir/build.make CMakeFiles/cmTC_a2f6e.dir/build
make[1]: Entering directory '/home/sezan/Desktop/Sezan_ws/catkin_ws/build/CMakeFiles/CMakeTmp'
Building C object CMakeFiles/cmTC_a2f6e.dir/CheckSymbolExists.c.o
/usr/bin/cc    -o CMakeFiles/cmTC_a2f6e.dir/CheckSymbolExists.c.o   -c /home/sezan/Desktop/Sezan_ws/catkin_ws/build/CMakeFiles/CMakeTmp/CheckSymbolExists.c
Linking C executable cmTC_a2f6e
/usr/local/lib/python2.7/dist-packages/cmake/data/bin/cmake -E cmake_link_script CMakeFiles/cmTC_a2f6e.dir/link.txt --verbose=1
/usr/bin/cc      -rdynamic CMakeFiles/cmTC_a2f6e.dir/CheckSymbolExists.c.o  -o cmTC_a2f6e 
CMakeFiles/cmTC_a2f6e.dir/CheckSymbolExists.c.o: In function `main':
CheckSymbolExists.c:(.text+0x16): undefined reference to `pthread_create'
collect2: error: ld returned 1 exit status
CMakeFiles/cmTC_a2f6e.dir/build.make:86: recipe for target 'cmTC_a2f6e' failed
make[1]: *** [cmTC_a2f6e] Error 1
make[1]: Leaving directory '/home/sezan/Desktop/Sezan_ws/catkin_ws/build/CMakeFiles/CMakeTmp'
Makefile:121: recipe for target 'cmTC_a2f6e/fast' failed
make: *** [cmTC_a2f6e/fast] Error 2

File /home/sezan/Desktop/Sezan_ws/catkin_ws/build/CMakeFiles/CMakeTmp/CheckSymbolExists.c:
/* */
#include <pthread.h>

int main(int argc, char** argv)
{
  (void)argv;
#ifndef pthread_create
  return ((int*)(&pthread_create))[argc];
#else
  (void)argc;
  return 0;
#endif
}

Determining if the function pthread_create exists in the pthreads failed with the following output:
Change Dir: /home/sezan/Desktop/Sezan_ws/catkin_ws/build/CMakeFiles/CMakeTmp

Run Build Command:"/usr/bin/make" "cmTC_012e4/fast"
/usr/bin/make -f CMakeFiles/cmTC_012e4.dir/build.make CMakeFiles/cmTC_012e4.dir/build
make[1]: Entering directory '/home/sezan/Desktop/Sezan_ws/catkin_ws/build/CMakeFiles/CMakeTmp'
Building C object CMakeFiles/cmTC_012e4.dir/CheckFunctionExists.c.o
/usr/bin/cc   -DCHECK_FUNCTION_EXISTS=pthread_create   -o CMakeFiles/cmTC_012e4.dir/CheckFunctionExists.c.o   -c /usr/local/lib/python2.7/dist-packages/cmake/data/share/cmake-3.13/Modules/CheckFunctionExists.c
Linking C executable cmTC_012e4
/usr/local/lib/python2.7/dist-packages/cmake/data/bin/cmake -E cmake_link_script CMakeFiles/cmTC_012e4.dir/link.txt --verbose=1
/usr/bin/cc  -DCHECK_FUNCTION_EXISTS=pthread_create    -rdynamic CMakeFiles/cmTC_012e4.dir/CheckFunctionExists.c.o  -o cmTC_012e4 -lpthreads 
/usr/bin/ld: cannot find -lpthreads
collect2: error: ld returned 1 exit status
CMakeFiles/cmTC_012e4.dir/build.make:86: recipe for target 'cmTC_012e4' failed
make[1]: *** [cmTC_012e4] Error 1
make[1]: Leaving directory '/home/sezan/Desktop/Sezan_ws/catkin_ws/build/CMakeFiles/CMakeTmp'
Makefile:121: recipe for target 'cmTC_012e4/fast' failed
make: *** [cmTC_012e4/fast] Error 2


