Determining if the pthread_create exist failed with the following output:
Change Dir: /home/sezan/Desktop/Sezan_ws/practice/build/CMakeFiles/CMakeTmp

Run Build Command:"/usr/bin/make" "cmTC_0adf7/fast"
/usr/bin/make -f CMakeFiles/cmTC_0adf7.dir/build.make CMakeFiles/cmTC_0adf7.dir/build
make[1]: Entering directory '/home/sezan/Desktop/Sezan_ws/practice/build/CMakeFiles/CMakeTmp'
Building C object CMakeFiles/cmTC_0adf7.dir/CheckSymbolExists.c.o
/usr/bin/cc    -o CMakeFiles/cmTC_0adf7.dir/CheckSymbolExists.c.o   -c /home/sezan/Desktop/Sezan_ws/practice/build/CMakeFiles/CMakeTmp/CheckSymbolExists.c
Linking C executable cmTC_0adf7
/usr/local/lib/python2.7/dist-packages/cmake/data/bin/cmake -E cmake_link_script CMakeFiles/cmTC_0adf7.dir/link.txt --verbose=1
/usr/bin/cc      -rdynamic CMakeFiles/cmTC_0adf7.dir/CheckSymbolExists.c.o  -o cmTC_0adf7 
CMakeFiles/cmTC_0adf7.dir/CheckSymbolExists.c.o: In function `main':
CheckSymbolExists.c:(.text+0x16): undefined reference to `pthread_create'
collect2: error: ld returned 1 exit status
CMakeFiles/cmTC_0adf7.dir/build.make:86: recipe for target 'cmTC_0adf7' failed
make[1]: *** [cmTC_0adf7] Error 1
make[1]: Leaving directory '/home/sezan/Desktop/Sezan_ws/practice/build/CMakeFiles/CMakeTmp'
Makefile:121: recipe for target 'cmTC_0adf7/fast' failed
make: *** [cmTC_0adf7/fast] Error 2

File /home/sezan/Desktop/Sezan_ws/practice/build/CMakeFiles/CMakeTmp/CheckSymbolExists.c:
/* */
#include <pthread.h>

int main(int argc, char** argv)
{
  (void)argv;
#ifndef pthread_create
  return ((int*)(&pthread_create))[argc];
#else
  (void)argc;
  return 0;
#endif
}

Determining if the function pthread_create exists in the pthreads failed with the following output:
Change Dir: /home/sezan/Desktop/Sezan_ws/practice/build/CMakeFiles/CMakeTmp

Run Build Command:"/usr/bin/make" "cmTC_86cab/fast"
/usr/bin/make -f CMakeFiles/cmTC_86cab.dir/build.make CMakeFiles/cmTC_86cab.dir/build
make[1]: Entering directory '/home/sezan/Desktop/Sezan_ws/practice/build/CMakeFiles/CMakeTmp'
Building C object CMakeFiles/cmTC_86cab.dir/CheckFunctionExists.c.o
/usr/bin/cc   -DCHECK_FUNCTION_EXISTS=pthread_create   -o CMakeFiles/cmTC_86cab.dir/CheckFunctionExists.c.o   -c /usr/local/lib/python2.7/dist-packages/cmake/data/share/cmake-3.13/Modules/CheckFunctionExists.c
Linking C executable cmTC_86cab
/usr/local/lib/python2.7/dist-packages/cmake/data/bin/cmake -E cmake_link_script CMakeFiles/cmTC_86cab.dir/link.txt --verbose=1
/usr/bin/cc  -DCHECK_FUNCTION_EXISTS=pthread_create    -rdynamic CMakeFiles/cmTC_86cab.dir/CheckFunctionExists.c.o  -o cmTC_86cab -lpthreads 
/usr/bin/ld: cannot find -lpthreads
collect2: error: ld returned 1 exit status
CMakeFiles/cmTC_86cab.dir/build.make:86: recipe for target 'cmTC_86cab' failed
make[1]: *** [cmTC_86cab] Error 1
make[1]: Leaving directory '/home/sezan/Desktop/Sezan_ws/practice/build/CMakeFiles/CMakeTmp'
Makefile:121: recipe for target 'cmTC_86cab/fast' failed
make: *** [cmTC_86cab/fast] Error 2


